1747147301274	geckodriver	INFO	Listening on 127.0.0.1:50848
1747147304407	mozrunner::runner	INFO	Running command: "C:\\Program Files\\Mozilla Firefox\\firefox.exe" "--marionette" "--remote-debugging-port" "50849" "--remote-allow-hosts" "localhost" "-no-remote" "-profile" "C:\\Users\\acer\\AppData\\Local\\Temp\\rust_mozprofileSchxLE"
console.warn: services.settings: Ignoring preference override of remote settings server
console.warn: services.settings: Allow by setting MOZ_REMOTE_SETTINGS_DEVTOOLS=1 in the environment
Dynamically enable window occlusion 0
1747147304853	Marionette	INFO	Marionette enabled
1747147304974	Marionette	INFO	Listening on port 50858
WebDriver BiDi listening on ws://127.0.0.1:50849
Read port: 50858
1747147305120	RemoteAgent	WARN	TLS certificate errors will be ignored for this session
console.warn: LoginRecipes: "Falling back to a synchronous message for: https://opensource-demo.orangehrmlive.com."
console.warn: LoginRecipes: "Falling back to a synchronous message for: https://opensource-demo.orangehrmlive.com."
1747147321886	Marionette	INFO	Stopped listening on port 50858
Dynamically enable window occlusion 1
JavaScript warning: https://opensource-demo.orangehrmlive.com/web/dist/js/chunk-vendors.js?v=1721393199309, line 121: Script terminated by timeout at:
get active@https://opensource-demo.orangehrmlive.com/web/dist/js/chunk-vendors.js?v=1721393199309:121:11462
Se@https://opensource-demo.orangehrmlive.com/web/dist/js/chunk-vendors.js?v=1721393199309:121:12051
Ee@https://opensource-demo.orangehrmlive.com/web/dist/js/chunk-vendors.js?v=1721393199309:121:12340
I@https://opensource-demo.orangehrmlive.com/web/dist/js/chunk-vendors.js?v=1721393199309:123:26405
N@https://opensource-demo.orangehrmlive.com/web/dist/js/chunk-vendors.js?v=1721393199309:123:25209
P@https://opensource-demo.orangehrmlive.com/web/dist/js/chunk-vendors.js?v=1721393199309:123:25007
v@https://opensource-demo.orangehrmlive.com/web/dist/js/chunk-vendors.js?v=1721393199309:123:21997
l@https://opensource-demo.orangehrmlive.com/web/dist/js/chunk-vendors.js?v=1721393199309:123:26188
run@https://opensource-demo.orangehrmlive.com/web/dist/js/chunk-vendors.js?v=1721393199309:121:12788
4032/as/I/e.update@https://opensource-demo.orangehrmlive.com/web/dist/js/chunk-vendors.js?v=1721393199309:123:26464
I@https://opensource-demo.orangehrmlive.com/web/dist/js/chunk-vendors.js?v=1721393199309:123:26491
N@https://opensource-demo.orangehrmlive.com/web/dist/js/chunk-vendors.js?v=1721393199309:123:25209
P@https://opensource-demo.orangehrmlive.com/web/dist/js/chunk-vendors.js?v=1721393199309:123:25007
v@https://opensource-demo.orangehrmlive.com/web/dist/js/chunk-vendors.js?v=1721393199309:123:21997
L@https://opensource-demo.orangehrmlive.com/web/dist/js/chunk-vendors.js?v=1721393199309:123:23408
k@https://opensource-demo.orangehrmlive.com/web/dist/js/chunk-vendors.js?v=1721393199309:123:22748
_@https://opensource-demo.orangehrmlive.com/web/dist/js/chunk-vendors.js?v=1721393199309:123:22574
v@https://opensource-demo.orangehrmlive.com/web/dist/js/chunk-vendors.js?v=1721393199309:123:21972
L@https://opensource-demo.orangehrmlive.com/web/dist/js/chunk-vendors.js?v=1721393199309:123:23408
k@https://opensource-demo.orangehrmlive.com/web/dist/js/chunk-vendors.js?v=1721393199309:123:22748
_@https://opensource-demo.orangehrmlive.com/web/dist/js/chunk-vendors.js?v=1721393199309:123:22574
v@https://opensource-demo.orangehrmlive.com/web/dist/js/chunk-vendors.js?v=1721393199309:123:21972
l@https://opensource-demo.orangehrmlive.com/web/dist/js/chunk-vendors.js?v=1721393199309:123:26188
run@https://opensource-demo.orangehrmlive.com/web/dist/js/chunk-vendors.js?v=1721393199309:121:12788
4032/as/I/e.update@https://opensource-demo.orangehrmlive.com/web/dist/js/chunk-vendors.js?v=1721393199309:123:26464
I@https://opensource-demo.orangehrmlive.com/web/dist/js/chunk-vendors.js?v=1721393199309:123:26491
N@https://opensource-demo.orangehrmlive.com/web/dist/js/chunk-vendors.js?v=1721393199309:123:25209
P@https://opensource-demo.orangehrmlive.com/web/dist/js/chunk-vendors.js?v=1721393199309:123:25007
v@https://opensource-demo.orangehrmlive.com/web/dist/js/chunk-vendors.js?v=1721393199309:123:21997
L@https://opensource-demo.orangehrmlive.com/web/dist/js/chunk-vendors.js?v=1721393199309:123:23408
D@https://opensource-demo.orangehrmlive.com/web/dist/js/chunk-vendors.js?v=1721393199309:123:24750
v@https://opensource-demo.orangehrmlive.com/web/dist/js/chunk-vendors.js?v=1721393199309:123:21934
L@https://opensource-demo.orangehrmlive.com/web/dist/js/chunk-vendors.js?v=1721393199309:123:23408
k@https://opensource-demo.orangehrmlive.com/web/dist/js/chunk-vendors.js?v=1721393199309:123:22748
_@https://opensource-demo.orangehrmlive.com/web/dist/js/chunk-vendors.js?v=1721393199309:123:22574
v@https://opensource-demo.orangehrmlive.com/web/dist/js/chunk-vendors.js?v=1721393199309:123:21972
L@https://opensource-demo.orangehrmlive.com/web/dist/js/chunk-vendors.js?v=1721393199309:123:23408
D@https://opensource-demo.orangehrmlive.com/web/dist/js/chunk-vendors.js?v=1721393199309:123:24750
v@https://opensource-demo.orangehrmlive.com/web/dist/js/chunk-vendors.js?v=1721393199309:123:21934
l@https://opensource-demo.orangehrmlive.com/web/dist/js/chunk-vendors.js?v=1721393199309:123:26188
run@https://opensource-demo.orangehrmlive.com/web/dist/js/chunk-vendors.js?v=1721393199309:121:12788
4032/as/I/e.update@https://opensource-demo.orangehrmlive.com/web/dist/js/chunk-vendors.js?v=1721393199309:123:26464
I@https://opensource-demo.orangehrmlive.com/web/dist/js/chunk-vendors.js?v=1721393199309:123:26491
N@https://opensource-demo.orangehrmlive.com/web/dist/js/chunk-vendors.js?v=1721393199309:123:25209
P@https://opensource-demo.orangehrmlive.com/web/dist/js/chunk-vendors.js?v=1721393199309:123:25007
v@https://opensource-demo.orangehrmlive.com/web/dist/js/chunk-vendors.js?v=1721393199309:123:21997
L@https://opensource-demo.orangehrmlive.com/web/dist/js/chunk-vendors.js?v=1721393199309:123:23408
k@https://opensource-demo.orangehrmlive.com/web/dist/js/chunk-vendors.js?v=1721393199309:123:22748
_@https://opensource-demo.orangehrmlive.com/web/dist/js/chunk-vendors.js?v=1721393199309:123:22574
v@https://opensource-demo.orangehrmlive.com/web/dist/js/chunk-vendors.js?v=1721393199309:123:21972
L@https://opensource-demo.orangehrmlive.com/web/dist/js/chunk-vendors.js?v=1721393199309:123:23408
k@https://opensource-demo.orangehrmlive.com/web/dist/js/chunk-vendors.js?v=1721393199309:123:22748
_@https://opensource-demo.orangehrmlive.com/web/dist/js/chunk-vendors.js?v=1721393199309:123:22574
v@https://opensource-demo.orangehrmlive.com/web/dist/js/chunk-vendors.js?v=1721393199309:123:21972
L@https://opensource-demo.orangehrmlive.com/web/dist/js/chunk-vendors.js?v=1721393199309:123:23408
k@https://opensource-demo.orangehrmlive.com/web/dist/js/chunk-vendors.js?v=1721393199309:123:22748
_@https://opensource-demo.orangehrmlive.com/web/dist/js/chunk-vendors.js?v=1721393199309:123:22574
v@https://opensource-demo.orangehrmlive.com/web/dist/js/chunk-vendors.js?v=1721393199309:123:21972
l@https://opensource-demo.orangehrmlive.com/web/dist/js/chunk-vendors.js?v=1721393199309:123:26188
run@https://opensource-demo.orangehrmlive.com/web/dist/js/chunk-vendors.js?v=1721393199309:121:12788
4032/as/I/e.update@https://opensource-demo.orangehrmlive.com/web/dist/js/chunk-vendors.js?v=1721393199309:123:26464
I@https://opensource-demo.orangehrmlive.com/web/dist/js/chunk-vendors.js?v=1721393199309:123:26491
N@https://opensource-demo.orangehrmlive.com/web/dist/js/chunk-vendors.js?v=1721393199309:123:25209
P@https://opensource-demo.orangehrmlive.com/web/dist/js/chunk-vendors.js?v=1721393199309:123:25007
v@https://opensource-demo.orangehrmlive.com/web/dist/js/chunk-vendors.js?v=1721393199309:123:21997
L@https://opensource-demo.orangehrmlive.com/web/dist/js/chunk-vendors.js?v=1721393199309:123:23408
k@https://opensource-demo.orangehrmlive.com/web/dist/js/chunk-vendors.js?v=1721393199309:123:22748
_@https://opensource-demo.orangehrmlive.com/web/dist/js/chunk-vendors.js?v=1721393199309:123:22574
v@https://opensource-demo.orangehrmlive.com/web/dist/js/chunk-vendors.js?v=1721393199309:123:21972
L@https://opensource-demo.orangehrmlive.com/web/dist/js/chunk-vendors.js?v=1721393199309:123:23408
k@https://opensource-demo.orangehrmlive.com/web/dist/js/chunk-vendors.js?v=1721393199309:123:22748
_@https://opensource-demo.orangehrmlive.com/web/dist/js/chunk-vendors.js?v=1721393199309:123:22574
v@https://opensource-demo.orangehrmlive.com/web/dist/js/chunk-vendors.js?v=1721393199309:123:21972
l@https://opensource-demo.orangehrmlive.com/web/dist/js/chunk-vendors.js?v=1721393199309:123:26188
run@https://opensource-demo.orangehrmlive.com/web/dist/js/chunk-vendors.js?v=1721393199309:121:12788
4032/as/I/e.update@https://opensource-demo.orangehrmlive.com/web/dist/js/chunk-vendors.js?v=1721393199309:123:26464
I@https://opensource-demo.orangehrmlive.com/web/dist/js/chunk-vendors.js?v=1721393199309:123:26491
N@https://opensource-demo.orangehrmlive.com/web/dist/js/chunk-vendors.js?v=1721393199309:123:25209
P@https://opensource-demo.orangehrmlive.com/web/dist/js/chunk-vendors.js?v=1721393199309:123:25007
v@https://opensource-demo.orangehrmlive.com/web/dist/js/chunk-vendors.js?v=1721393199309:123:21997
L@https://opensource-demo.orangehrmlive.com/web/dist/js/chunk-vendors.js?v=1721393199309:123:23408
D@https://opensource-demo.orangehrmlive.com/web/dist/js/chunk-vendors.js?v=1721393199309:123:24750
v@https://opensource-demo.orangehrmlive.com/web/dist/js/chunk-vendors.js?v=1721393199309:123:21934
l@https://opensource-demo.orangehrmlive.com/web/dist/js/chunk-vendors.js?v=1721393199309:123:26188
run@https://opensource-demo.orangehrmlive.com/web/dist/js/chunk-vendors.js?v=1721393199309:121:12788
4032/as/I/e.update@https://opensource-demo.orangehrmlive.com/web/dist/js/chunk-vendors.js?v=1721393199309:123:26464
I@https://opensource-demo.orangehrmlive.com/web/dist/js/chunk-vendors.js?v=1721393199309:123:26491
N@https://opensource-demo.orangehrmlive.com/web/dist/js/chunk-vendors.js?v=1721393199309:123:25209
P@https://opensource-demo.orangehrmlive.com/web/dist/js/chunk-vendors.js?v=1721393199309:123:25007
v@https://opensource-demo.orangehrmlive.com/web/dist/js/chunk-vendors.js?v=1721393199309:123:21997
L@https://opensource-demo.orangehrmlive.com/web/dist/js/chunk-vendors.js?v=1721393199309:123:23408
D@https://opensource-demo.orangehrmlive.com/web/dist/js/chunk-vendors.js?v=1721393199309:123:24750
v@https://opensource-demo.orangehrmlive.com/web/dist/js/chunk-vendors.js?v=1721393199309:123:21934
l@https://opensource-demo.orangehrmlive.com/web/dist/js/chunk-vendors.js?v=1721393199309:123:26188
run@https://opensource-demo.orangehrmlive.com/web/dist/js/chunk-vendors.js?v=1721393199309:121:12788
4032/as/I/e.update@https://opensource-demo.orangehrmlive.com/web/dist/js/chunk-vendors.js?v=1721393199309:123:26464
I@https://opensource-demo.orangehrmlive.com/web/dist/js/chunk-vendors.js?v=1721393199309:123:26491
N@https://opensource-demo.orangehrmlive.com/web/dist/js/chunk-vendors.js?v=1721393199309:123:25209
P@https://opensource-demo.orangehrmlive.com/web/dist/js/chunk-vendors.js?v=1721393199309:123:25007
v@https://opensource-demo.orangehrmlive.com/web/dist/js/chunk-vendors.js?v=1721393199309:123:21997
K@https://opensource-demo.orangehrmlive.com/web/dist/js/chunk-vendors.js?v=1721393199309:123:30106
mount@https://opensource-demo.orangehrmlive.com/web/dist/js/chunk-vendors.js?v=1721393199309:123:12169
4032/Fc/t.mount@https://opensource-demo.orangehrmlive.com/web/dist/js/chunk-vendors.js?v=1721393199309:125:8923
7368/<@https://opensource-demo.orangehrmlive.com/web/dist/js/app.js?v=1721393199309:1:1509047

